0 info it worked if it ends with ok
1 verbose cli [ '/usr/local/bin/node',
1 verbose cli   '/usr/local/bin/npm',
1 verbose cli   'version',
1 verbose cli   'patch' ]
2 info using npm@3.3.6
3 info using node@v5.0.0
4 info git [ 'status', '--porcelain' ]
5 info lifecycle quill-grammar@0.7.6~preversion: quill-grammar@0.7.6
6 silly lifecycle quill-grammar@0.7.6~preversion: no script for preversion, continuing
7 verbose version.write data { name: 'quill-grammar',
7 verbose version.write   version: '0.7.6',
7 verbose version.write   private: 'true',
7 verbose version.write   scripts:
7 verbose version.write    { test: 'npm run ci',
7 verbose version.write      lint: './node_modules/.bin/grunt lint',
7 verbose version.write      'deploy-staging': 'gulp --env=staging && firebase deploy',
7 verbose version.write      ci: 'npm run lint && gulp ci --env=test' },
7 verbose version.write   engines: { node: '>=0.10.0' },
7 verbose version.write   devDependencies:
7 verbose version.write    { chai: '^3.0.0',
7 verbose version.write      'empirical-angular-gulp-tasks': '^0.6.0',
7 verbose version.write      grunt: '^0.4.5',
7 verbose version.write      'grunt-cli': '^0.1.13',
7 verbose version.write      'grunt-contrib-jshint': '^0.11.2',
7 verbose version.write      'grunt-jscs': '^1.8.0',
7 verbose version.write      'grunt-lintspaces': '^0.7.0',
7 verbose version.write      gulp: '^3.8.10',
7 verbose version.write      karma: '^0.12.37',
7 verbose version.write      'karma-chai': '^0.1.0',
7 verbose version.write      'karma-chai-plugins': '^0.6.0',
7 verbose version.write      'karma-mocha': '^0.2.0',
7 verbose version.write      'karma-phantomjs-launcher': '^0.2.0',
7 verbose version.write      'karma-sourcemap-loader': '^0.3.5',
7 verbose version.write      mocha: '^2.2.5',
7 verbose version.write      phantomjs: '^1.9.17',
7 verbose version.write      protractor: '^2.5.1' },
7 verbose version.write   browser:
7 verbose version.write    { angular: './bower_components/angular/angular.min.js',
7 verbose version.write      'angular-ui-router': './bower_components/ui-router/release/angular-ui-router.min.js' },
7 verbose version.write   'browserify-shim': {},
7 verbose version.write   dependencies:
7 verbose version.write    { 'empirical-angular': 'git://github.com/empirical-org/empirical-angular.git#master',
7 verbose version.write      'ng-autofocus': '0.0.10',
7 verbose version.write      ramda: '^0.15.1' } } to package.json
8 info lifecycle quill-grammar@0.7.6~version: quill-grammar@0.7.6
9 silly lifecycle quill-grammar@0.7.6~version: no script for version, continuing
10 info git [ 'add', 'package.json' ]
11 info git [ 'commit', '-m', '0.7.6' ]
12 info git [ 'tag', 'v0.7.6', '-am', '0.7.6' ]
13 verbose stack Error: Command failed: git tag v0.7.6 -am 0.7.6
13 verbose stack fatal: tag 'v0.7.6' already exists
13 verbose stack
13 verbose stack     at ChildProcess.exithandler (child_process.js:203:12)
13 verbose stack     at emitTwo (events.js:87:13)
13 verbose stack     at ChildProcess.emit (events.js:172:7)
13 verbose stack     at maybeClose (internal/child_process.js:818:16)
13 verbose stack     at Socket.<anonymous> (internal/child_process.js:319:11)
13 verbose stack     at emitOne (events.js:77:13)
13 verbose stack     at Socket.emit (events.js:169:7)
13 verbose stack     at Pipe._onclose (net.js:469:12)
14 verbose cwd /Users/donald/Programming/Javascript/Quill-Grammar
15 error Darwin 15.3.0
16 error argv "/usr/local/bin/node" "/usr/local/bin/npm" "version" "patch"
17 error node v5.0.0
18 error npm  v3.3.6
19 error code 128
20 error Command failed: git tag v0.7.6 -am 0.7.6
20 error fatal: tag 'v0.7.6' already exists
21 error If you need help, you may report this error at:
21 error     <https://github.com/npm/npm/issues>
22 verbose exit [ 1, true ]
